{
  "stats": {
    "suites": 1,
    "tests": 2,
    "passes": 2,
    "pending": 0,
    "failures": 0,
    "start": "2025-10-14T16:21:35.206Z",
    "end": "2025-10-14T16:21:36.145Z",
    "duration": 939,
    "testsRegistered": 2,
    "passPercent": 100,
    "pendingPercent": 0,
    "other": 0,
    "hasOther": false,
    "skipped": 0,
    "hasSkipped": false
  },
  "results": [
    {
      "uuid": "c55a021d-c6a7-4a25-b6ab-c729f6143e95",
      "title": "",
      "fullFile": "cypress\\e2e\\api\\booking.cy.js",
      "file": "cypress\\e2e\\api\\booking.cy.js",
      "beforeHooks": [],
      "afterHooks": [],
      "tests": [],
      "suites": [
        {
          "uuid": "d3384d31-3af9-4d99-af52-2e218a002ab0",
          "title": "Restful-booker E2E",
          "fullFile": "",
          "file": "",
          "beforeHooks": [],
          "afterHooks": [],
          "tests": [
            {
              "title": "getBooking",
              "fullTitle": "Restful-booker E2E getBooking",
              "timedOut": null,
              "duration": 697,
              "state": "passed",
              "speed": "fast",
              "pass": true,
              "fail": false,
              "pending": false,
              "context": null,
              "code": "_bookingService.default.getBooking(Cypress.env('bookingId')).then(resp => {\n  expect(resp.status).to.eq(200);\n  expect(resp.body.firstname).to.exist;\n});",
              "err": {},
              "uuid": "8dea4ba5-f2c1-49b0-bdbe-8c814a7a725e",
              "parentUUID": "d3384d31-3af9-4d99-af52-2e218a002ab0",
              "isHook": false,
              "skipped": false
            },
            {
              "title": "updateBooking",
              "fullTitle": "Restful-booker E2E updateBooking",
              "timedOut": null,
              "duration": 187,
              "state": "passed",
              "speed": "fast",
              "pass": true,
              "fail": false,
              "pending": false,
              "context": null,
              "code": "cy.fixture('bookingUpdate').then(update => {\n  _bookingService.default.updateBooking(Cypress.env('bookingId'), update.update).then(resp => {\n    expect(resp.status).to.eq(200);\n    expect(resp.body.firstname).to.eq(update.update.firstname);\n  });\n});",
              "err": {},
              "uuid": "576520b4-0e02-4275-8204-0abe1f632049",
              "parentUUID": "d3384d31-3af9-4d99-af52-2e218a002ab0",
              "isHook": false,
              "skipped": false
            }
          ],
          "suites": [],
          "passes": [
            "8dea4ba5-f2c1-49b0-bdbe-8c814a7a725e",
            "576520b4-0e02-4275-8204-0abe1f632049"
          ],
          "failures": [],
          "pending": [],
          "skipped": [],
          "duration": 884,
          "root": false,
          "rootEmpty": false,
          "_timeout": 2000
        }
      ],
      "passes": [],
      "failures": [],
      "pending": [],
      "skipped": [],
      "duration": 0,
      "root": true,
      "rootEmpty": true,
      "_timeout": 2000
    }
  ],
  "meta": {
    "mocha": {
      "version": "7.2.0"
    },
    "mochawesome": {
      "options": {
        "quiet": false,
        "reportFilename": "mochawesome",
        "saveHtml": false,
        "saveJson": true,
        "consoleReporter": "spec",
        "useInlineDiffs": false,
        "code": true
      },
      "version": "7.1.4"
    },
    "marge": {
      "options": {
        "reportDir": "cypress/reports",
        "overwrite": false,
        "html": false,
        "json": true
      },
      "version": "6.3.0"
    }
  }
}