{
  "stats": {
    "suites": 1,
    "tests": 3,
    "passes": 3,
    "pending": 0,
    "failures": 0,
    "start": "2025-10-14T16:21:16.780Z",
    "end": "2025-10-14T16:21:21.691Z",
    "duration": 4911,
    "testsRegistered": 3,
    "passPercent": 100,
    "pendingPercent": 0,
    "other": 0,
    "hasOther": false,
    "skipped": 0,
    "hasSkipped": false
  },
  "results": [
    {
      "uuid": "6dbbfd39-4ce1-48eb-a447-e49c98c6829c",
      "title": "",
      "fullFile": "cypress\\e2e\\ui\\loginPage.cy.js",
      "file": "cypress\\e2e\\ui\\loginPage.cy.js",
      "beforeHooks": [],
      "afterHooks": [],
      "tests": [],
      "suites": [
        {
          "uuid": "757b62c9-a64f-491a-a090-dcdcc6443790",
          "title": "Login",
          "fullFile": "",
          "file": "",
          "beforeHooks": [],
          "afterHooks": [],
          "tests": [
            {
              "title": "Login exitoso",
              "fullTitle": "Login Login exitoso",
              "timedOut": null,
              "duration": 2039,
              "state": "passed",
              "speed": "fast",
              "pass": true,
              "fail": false,
              "pending": false,
              "context": null,
              "code": "//Validacion login\n_loginPage.default.typeUsername('standard_user');\n_loginPage.default.typePassword('secret_sauce');\n_loginPage.default.loginBtn();\n//Validacion de pantalla de inventario\nlet url = 'https://www.saucedemo.com/inventory.html';\ncy.url(url).should('eq', 'https://www.saucedemo.com/inventory.html');",
              "err": {},
              "uuid": "fedafb54-07cb-46d9-8801-b85e95ac6140",
              "parentUUID": "757b62c9-a64f-491a-a090-dcdcc6443790",
              "isHook": false,
              "skipped": false
            },
            {
              "title": "Login con campos vacios",
              "fullTitle": "Login Login con campos vacios",
              "timedOut": null,
              "duration": 420,
              "state": "passed",
              "speed": "fast",
              "pass": true,
              "fail": false,
              "pending": false,
              "context": null,
              "code": "_loginPage.default.loginBtn();\ncy.get('h3').should('contain', 'Epic sadface: Username is required');",
              "err": {},
              "uuid": "90bcf7b3-3376-4dee-b010-0e2721917ba8",
              "parentUUID": "757b62c9-a64f-491a-a090-dcdcc6443790",
              "isHook": false,
              "skipped": false
            },
            {
              "title": "Login con campos erroneos",
              "fullTitle": "Login Login con campos erroneos",
              "timedOut": null,
              "duration": 674,
              "state": "passed",
              "speed": "fast",
              "pass": true,
              "fail": false,
              "pending": false,
              "context": null,
              "code": "_loginPage.default.typeUsername('standard_user');\n_loginPage.default.typePassword('123');\n_loginPage.default.loginBtn();\ncy.get('h3').should('contain', 'Epic sadface: Username and password do not match any user in this service');",
              "err": {},
              "uuid": "996407e1-d667-4929-9374-d13fa0ea446e",
              "parentUUID": "757b62c9-a64f-491a-a090-dcdcc6443790",
              "isHook": false,
              "skipped": false
            }
          ],
          "suites": [],
          "passes": [
            "fedafb54-07cb-46d9-8801-b85e95ac6140",
            "90bcf7b3-3376-4dee-b010-0e2721917ba8",
            "996407e1-d667-4929-9374-d13fa0ea446e"
          ],
          "failures": [],
          "pending": [],
          "skipped": [],
          "duration": 3133,
          "root": false,
          "rootEmpty": false,
          "_timeout": 2000
        }
      ],
      "passes": [],
      "failures": [],
      "pending": [],
      "skipped": [],
      "duration": 0,
      "root": true,
      "rootEmpty": true,
      "_timeout": 2000
    }
  ],
  "meta": {
    "mocha": {
      "version": "7.2.0"
    },
    "mochawesome": {
      "options": {
        "quiet": false,
        "reportFilename": "mochawesome",
        "saveHtml": false,
        "saveJson": true,
        "consoleReporter": "spec",
        "useInlineDiffs": false,
        "code": true
      },
      "version": "7.1.4"
    },
    "marge": {
      "options": {
        "reportDir": "cypress/reports",
        "overwrite": false,
        "html": false,
        "json": true
      },
      "version": "6.3.0"
    }
  }
}