{
  "stats": {
    "suites": 1,
    "tests": 3,
    "passes": 3,
    "pending": 0,
    "failures": 0,
    "start": "2025-10-23T16:32:18.403Z",
    "end": "2025-10-23T16:32:23.718Z",
    "duration": 5315,
    "testsRegistered": 3,
    "passPercent": 100,
    "pendingPercent": 0,
    "other": 0,
    "hasOther": false,
    "skipped": 0,
    "hasSkipped": false
  },
  "results": [
    {
      "uuid": "5faf6b8c-3189-4312-ab6f-5a23095dc547",
      "title": "",
      "fullFile": "cypress\\e2e\\ui\\loginPage.cy.js",
      "file": "cypress\\e2e\\ui\\loginPage.cy.js",
      "beforeHooks": [],
      "afterHooks": [],
      "tests": [],
      "suites": [
        {
          "uuid": "77e91de2-b40c-4410-b722-16e520ee4aeb",
          "title": "Login",
          "fullFile": "",
          "file": "",
          "beforeHooks": [],
          "afterHooks": [],
          "tests": [
            {
              "title": "Login exitoso",
              "fullTitle": "Login Login exitoso",
              "timedOut": null,
              "duration": 2218,
              "state": "passed",
              "speed": "fast",
              "pass": true,
              "fail": false,
              "pending": false,
              "context": null,
              "code": "//Validacion login\n_loginPage.default.typeUsername('standard_user');\n_loginPage.default.typePassword('secret_sauce');\n_loginPage.default.loginBtn();\n//Validacion de pantalla de inventario\nlet url = 'https://www.saucedemo.com/inventory.html';\ncy.url(url).should('eq', 'https://www.saucedemo.com/inventory.html');",
              "err": {},
              "uuid": "eaebe419-4421-47f0-bcc6-3879aad3e1b9",
              "parentUUID": "77e91de2-b40c-4410-b722-16e520ee4aeb",
              "isHook": false,
              "skipped": false
            },
            {
              "title": "Login con campos vacios",
              "fullTitle": "Login Login con campos vacios",
              "timedOut": null,
              "duration": 325,
              "state": "passed",
              "speed": "fast",
              "pass": true,
              "fail": false,
              "pending": false,
              "context": null,
              "code": "_loginPage.default.loginBtn();\ncy.get('h3').should('contain', 'Epic sadface: Username is required');",
              "err": {},
              "uuid": "5ba1be02-12ee-472a-8e36-caa84914185c",
              "parentUUID": "77e91de2-b40c-4410-b722-16e520ee4aeb",
              "isHook": false,
              "skipped": false
            },
            {
              "title": "Login con campos erroneos",
              "fullTitle": "Login Login con campos erroneos",
              "timedOut": null,
              "duration": 665,
              "state": "passed",
              "speed": "fast",
              "pass": true,
              "fail": false,
              "pending": false,
              "context": null,
              "code": "_loginPage.default.typeUsername('standard_user');\n_loginPage.default.typePassword('123');\n_loginPage.default.loginBtn();\ncy.get('h3').should('contain', 'Epic sadface: Username and password do not match any user in this service');",
              "err": {},
              "uuid": "9f93d291-b200-457a-adc7-d9100b9d19ff",
              "parentUUID": "77e91de2-b40c-4410-b722-16e520ee4aeb",
              "isHook": false,
              "skipped": false
            }
          ],
          "suites": [],
          "passes": [
            "eaebe419-4421-47f0-bcc6-3879aad3e1b9",
            "5ba1be02-12ee-472a-8e36-caa84914185c",
            "9f93d291-b200-457a-adc7-d9100b9d19ff"
          ],
          "failures": [],
          "pending": [],
          "skipped": [],
          "duration": 3208,
          "root": false,
          "rootEmpty": false,
          "_timeout": 2000
        }
      ],
      "passes": [],
      "failures": [],
      "pending": [],
      "skipped": [],
      "duration": 0,
      "root": true,
      "rootEmpty": true,
      "_timeout": 2000
    }
  ],
  "meta": {
    "mocha": {
      "version": "7.2.0"
    },
    "mochawesome": {
      "options": {
        "quiet": false,
        "reportFilename": "mochawesome",
        "saveHtml": false,
        "saveJson": true,
        "consoleReporter": "spec",
        "useInlineDiffs": false,
        "code": true
      },
      "version": "7.1.4"
    },
    "marge": {
      "options": {
        "reportDir": "cypress/reports",
        "overwrite": false,
        "html": false,
        "json": true
      },
      "version": "6.3.0"
    }
  }
}