{
  "stats": {
    "suites": 1,
    "tests": 5,
    "passes": 5,
    "pending": 0,
    "failures": 0,
    "start": "2025-10-23T16:32:27.487Z",
    "end": "2025-10-23T16:32:28.202Z",
    "duration": 715,
    "testsRegistered": 5,
    "passPercent": 100,
    "pendingPercent": 0,
    "other": 0,
    "hasOther": false,
    "skipped": 0,
    "hasSkipped": false
  },
  "results": [
    {
      "uuid": "4513faa0-e64b-4fae-9797-3091062db5fb",
      "title": "",
      "fullFile": "cypress\\e2e\\api\\parabankHybridTest.cy.js",
      "file": "cypress\\e2e\\api\\parabankHybridTest.cy.js",
      "beforeHooks": [],
      "afterHooks": [],
      "tests": [],
      "suites": [
        {
          "uuid": "b93027af-d12f-48c2-8c23-4d37c2f2091f",
          "title": "Pruebas hibridas de parabank",
          "fullFile": "",
          "file": "",
          "beforeHooks": [],
          "afterHooks": [],
          "tests": [
            {
              "title": "loginAPI",
              "fullTitle": "Pruebas hibridas de parabank loginAPI",
              "timedOut": null,
              "duration": 139,
              "state": "passed",
              "speed": "fast",
              "pass": true,
              "fail": false,
              "pending": false,
              "context": null,
              "code": "const user = this.credentials.usuarioParabank;\n_parabankService.default.loginAPI(user.username, user.password).then(resp => {\n  expect(resp.status).to.eq(200);\n  cy.log(JSON.stringify(resp.body));\n  Cypress.env('customerId', resp.body.id); //Guardamos el id del cleinte ingresado\n});",
              "err": {},
              "uuid": "7d3cd706-1e14-4a14-8488-68ce4ce91f04",
              "parentUUID": "b93027af-d12f-48c2-8c23-4d37c2f2091f",
              "isHook": false,
              "skipped": false
            },
            {
              "title": "Cuentas cliente",
              "fullTitle": "Pruebas hibridas de parabank Cuentas cliente",
              "timedOut": null,
              "duration": 112,
              "state": "passed",
              "speed": "fast",
              "pass": true,
              "fail": false,
              "pending": false,
              "context": null,
              "code": "_parabankService.default.getAccounts(Cypress.env('customerId')).then(resp => {\n  expect(resp.status).to.eq(200);\n  cy.log(JSON.stringify(resp.body));\n  Cypress.env('accounts', resp.body); //Guardamos las cuentas del cliente\n});",
              "err": {},
              "uuid": "1c348a14-b5a1-4b37-9b8a-b5bc467000d0",
              "parentUUID": "b93027af-d12f-48c2-8c23-4d37c2f2091f",
              "isHook": false,
              "skipped": false
            },
            {
              "title": "Crear nueva cuenta",
              "fullTitle": "Pruebas hibridas de parabank Crear nueva cuenta",
              "timedOut": null,
              "duration": 133,
              "state": "passed",
              "speed": "fast",
              "pass": true,
              "fail": false,
              "pending": false,
              "context": null,
              "code": "const tipoCuenta = [0, 1]; //0 = Savings 1 = Checking\nconst Cuentas = Cypress.env('accounts'); //Cuentas guardadas del cliente\nconst fromAccountId = Cuentas[0].id; //Usamos la cuenta origen del cliente\n_parabankService.default.createAccount(Cypress.env('customerId'), fromAccountId, tipoCuenta[1]).then(resp => {\n  expect(resp.status).to.eq(200);\n  cy.log(JSON.stringify(resp.body));\n  Cypress.env('newAccountId', resp.body); //Guardamos el id de la nueva cuenta\n});",
              "err": {},
              "uuid": "ce3ef4d1-dff0-40f8-a527-89837649e915",
              "parentUUID": "b93027af-d12f-48c2-8c23-4d37c2f2091f",
              "isHook": false,
              "skipped": false
            },
            {
              "title": "Detalle de cuenta",
              "fullTitle": "Pruebas hibridas de parabank Detalle de cuenta",
              "timedOut": null,
              "duration": 121,
              "state": "passed",
              "speed": "fast",
              "pass": true,
              "fail": false,
              "pending": false,
              "context": null,
              "code": "const Cuentas = Cypress.env('accounts'); //Cuentas guardadas del cliente\nconst accountId = Cuentas[0].id; //Detalle de la cuenta n\nconst tipoCuenta = ['SAVINGS', 'CHECKING']; //Tipos de cuenta\n_parabankService.default.getAccountDetail(accountId).then(resp => {\n  expect(resp.status).to.eq(200);\n  cy.log(JSON.stringify(resp.body));\n  if (resp.body.type == 'SAVINGS') {\n    expect(resp.body.type).to.eq(tipoCuenta[0]);\n  } else {\n    expect(resp.body.type).to.eq(tipoCuenta[1]);\n  }\n});",
              "err": {},
              "uuid": "88fab101-757b-454c-95b9-ab5176c9ce27",
              "parentUUID": "b93027af-d12f-48c2-8c23-4d37c2f2091f",
              "isHook": false,
              "skipped": false
            },
            {
              "title": "Tranferir fondos",
              "fullTitle": "Pruebas hibridas de parabank Tranferir fondos",
              "timedOut": null,
              "duration": 116,
              "state": "passed",
              "speed": "fast",
              "pass": true,
              "fail": false,
              "pending": false,
              "context": null,
              "code": "const Cuentas = Cypress.env('accounts'); //Cuentas guardadas del cliente\nconst fromAccount = Cuentas[1].id; //cuenta origen\nconst toAccount = Cuentas[3].id; //cuenta detino\nconst amount = 730; //Monto\n_parabankService.default.transferFunds(fromAccount, toAccount, amount).then(resp => {\n  expect(resp.status).to.eq(200);\n  cy.log(JSON.stringify(resp.body));\n  expect(resp.body).to.include(fromAccount);\n  expect(resp.body).to.include(toAccount);\n  expect(resp.body).to.include(amount);\n});",
              "err": {},
              "uuid": "29ee99fe-6337-4131-9e5d-acd3c8c98ecf",
              "parentUUID": "b93027af-d12f-48c2-8c23-4d37c2f2091f",
              "isHook": false,
              "skipped": false
            }
          ],
          "suites": [],
          "passes": [
            "7d3cd706-1e14-4a14-8488-68ce4ce91f04",
            "1c348a14-b5a1-4b37-9b8a-b5bc467000d0",
            "ce3ef4d1-dff0-40f8-a527-89837649e915",
            "88fab101-757b-454c-95b9-ab5176c9ce27",
            "29ee99fe-6337-4131-9e5d-acd3c8c98ecf"
          ],
          "failures": [],
          "pending": [],
          "skipped": [],
          "duration": 621,
          "root": false,
          "rootEmpty": false,
          "_timeout": 2000
        }
      ],
      "passes": [],
      "failures": [],
      "pending": [],
      "skipped": [],
      "duration": 0,
      "root": true,
      "rootEmpty": true,
      "_timeout": 2000
    }
  ],
  "meta": {
    "mocha": {
      "version": "7.2.0"
    },
    "mochawesome": {
      "options": {
        "quiet": false,
        "reportFilename": "mochawesome",
        "saveHtml": false,
        "saveJson": true,
        "consoleReporter": "spec",
        "useInlineDiffs": false,
        "code": true
      },
      "version": "7.1.4"
    },
    "marge": {
      "options": {
        "reportDir": "cypress/reports",
        "overwrite": false,
        "html": false,
        "json": true
      },
      "version": "6.3.0"
    }
  }
}