{
  "stats": {
    "suites": 1,
    "tests": 2,
    "passes": 2,
    "pending": 0,
    "failures": 0,
    "start": "2025-10-23T16:32:25.102Z",
    "end": "2025-10-23T16:32:26.021Z",
    "duration": 919,
    "testsRegistered": 2,
    "passPercent": 100,
    "pendingPercent": 0,
    "other": 0,
    "hasOther": false,
    "skipped": 0,
    "hasSkipped": false
  },
  "results": [
    {
      "uuid": "01b6336f-8902-4b7d-9065-a5c5e05f55ac",
      "title": "",
      "fullFile": "cypress\\e2e\\api\\booking.cy.js",
      "file": "cypress\\e2e\\api\\booking.cy.js",
      "beforeHooks": [],
      "afterHooks": [],
      "tests": [],
      "suites": [
        {
          "uuid": "b35a84f2-c059-4060-8afd-597754e57d4d",
          "title": "Restful-booker E2E",
          "fullFile": "",
          "file": "",
          "beforeHooks": [],
          "afterHooks": [],
          "tests": [
            {
              "title": "getBooking",
              "fullTitle": "Restful-booker E2E getBooking",
              "timedOut": null,
              "duration": 694,
              "state": "passed",
              "speed": "fast",
              "pass": true,
              "fail": false,
              "pending": false,
              "context": null,
              "code": "_bookingService.default.getBooking(Cypress.env('bookingId')).then(resp => {\n  expect(resp.status).to.eq(200);\n  expect(resp.body.firstname).to.exist;\n});",
              "err": {},
              "uuid": "1f9d7815-1e35-42df-a695-359e7d36cbd9",
              "parentUUID": "b35a84f2-c059-4060-8afd-597754e57d4d",
              "isHook": false,
              "skipped": false
            },
            {
              "title": "updateBooking",
              "fullTitle": "Restful-booker E2E updateBooking",
              "timedOut": null,
              "duration": 189,
              "state": "passed",
              "speed": "fast",
              "pass": true,
              "fail": false,
              "pending": false,
              "context": null,
              "code": "cy.fixture('bookingUpdate').then(update => {\n  _bookingService.default.updateBooking(Cypress.env('bookingId'), update.update).then(resp => {\n    expect(resp.status).to.eq(200);\n    expect(resp.body.firstname).to.eq(update.update.firstname);\n  });\n});",
              "err": {},
              "uuid": "59f6aadb-929b-485e-a7d9-e33ce9e6c47c",
              "parentUUID": "b35a84f2-c059-4060-8afd-597754e57d4d",
              "isHook": false,
              "skipped": false
            }
          ],
          "suites": [],
          "passes": [
            "1f9d7815-1e35-42df-a695-359e7d36cbd9",
            "59f6aadb-929b-485e-a7d9-e33ce9e6c47c"
          ],
          "failures": [],
          "pending": [],
          "skipped": [],
          "duration": 883,
          "root": false,
          "rootEmpty": false,
          "_timeout": 2000
        }
      ],
      "passes": [],
      "failures": [],
      "pending": [],
      "skipped": [],
      "duration": 0,
      "root": true,
      "rootEmpty": true,
      "_timeout": 2000
    }
  ],
  "meta": {
    "mocha": {
      "version": "7.2.0"
    },
    "mochawesome": {
      "options": {
        "quiet": false,
        "reportFilename": "mochawesome",
        "saveHtml": false,
        "saveJson": true,
        "consoleReporter": "spec",
        "useInlineDiffs": false,
        "code": true
      },
      "version": "7.1.4"
    },
    "marge": {
      "options": {
        "reportDir": "cypress/reports",
        "overwrite": false,
        "html": false,
        "json": true
      },
      "version": "6.3.0"
    }
  }
}